<?xml version="1.0" encoding="UTF-8"?>
<coverage generated="1716647782751" clover="3.2.0">
  <project timestamp="1716647782751" name="All files">
    <metrics statements="12" coveredstatements="4" conditionals="4" coveredconditionals="2" methods="3" coveredmethods="1" elements="19" coveredelements="7" complexity="0" loc="12" ncloc="12" packages="1" files="1" classes="1"/>
    <file name="validations.js" path="/home/girlana/Documentos/ICOMP/Web_Academy/TESTES/myapp_test-main/src/utils/validations.js">
      <metrics statements="12" coveredstatements="4" conditionals="4" coveredconditionals="2" methods="3" coveredmethods="1"/>
      <line num="8" count="4" type="stmt"/>
      <line num="10" count="4" type="cond" truecount="2" falsecount="0"/>
      <line num="11" count="3" type="stmt"/>
      <line num="23" count="0" type="stmt"/>
      <line num="31" count="0" type="stmt"/>
      <line num="32" count="0" type="cond" truecount="0" falsecount="2"/>
      <line num="33" count="0" type="stmt"/>
      <line num="51" count="0" type="stmt"/>
      <line num="52" count="0" type="stmt"/>
      <line num="53" count="0" type="stmt"/>
      <line num="55" count="0" type="stmt"/>
      <line num="58" count="1" type="stmt"/>
    </file>
  </project>
</coverage>
