<?xml version="1.0" encoding="UTF-8"?>
<coverage generated="1716927300734" clover="3.2.0">
  <project timestamp="1716927300734" name="All files">
    <metrics statements="12" coveredstatements="12" conditionals="2" coveredconditionals="2" methods="3" coveredmethods="3" elements="17" coveredelements="17" complexity="0" loc="12" ncloc="12" packages="1" files="1" classes="1"/>
    <file name="validations.js" path="/home/girlana/Documents/Documentos/Web_Academy/TESTES/myapp_test-main/src/utils/validations.js">
      <metrics statements="12" coveredstatements="12" conditionals="2" coveredconditionals="2" methods="3" coveredmethods="3"/>
      <line num="9" count="4" type="stmt"/>
      <line num="11" count="4" type="stmt"/>
      <line num="13" count="4" type="cond" truecount="2" falsecount="0"/>
      <line num="14" count="3" type="stmt"/>
      <line num="27" count="8" type="stmt"/>
      <line num="35" count="8" type="stmt"/>
      <line num="36" count="8" type="stmt"/>
      <line num="55" count="7" type="stmt"/>
      <line num="56" count="7" type="stmt"/>
      <line num="57" count="16" type="stmt"/>
      <line num="59" count="7" type="stmt"/>
      <line num="62" count="3" type="stmt"/>
    </file>
  </project>
</coverage>
