{"/home/girlana/Documentos/ICOMP/Web_Academy/TESTES/myapp_test-main/src/utils/validations.js": {"path":"/home/girlana/Documentos/ICOMP/Web_Academy/TESTES/myapp_test-main/src/utils/validations.js","statementMap":{"0":{"start":{"line":8,"column":21},"end":{"line":8,"column":46}},"1":{"start":{"line":10,"column":2},"end":{"line":11,"column":44}},"2":{"start":{"line":10,"column":25},"end":{"line":10,"column":41}},"3":{"start":{"line":11,"column":7},"end":{"line":11,"column":44}},"4":{"start":{"line":23,"column":16},"end":{"line":29,"column":3}},"5":{"start":{"line":31,"column":25},"end":{"line":31,"column":43}},"6":{"start":{"line":32,"column":2},"end":{"line":33,"column":19}},"7":{"start":{"line":32,"column":28},"end":{"line":32,"column":41}},"8":{"start":{"line":33,"column":7},"end":{"line":33,"column":19}},"9":{"start":{"line":51,"column":14},"end":{"line":51,"column":15}},"10":{"start":{"line":52,"column":2},"end":{"line":54,"column":3}},"11":{"start":{"line":52,"column":15},"end":{"line":52,"column":16}},"12":{"start":{"line":53,"column":4},"end":{"line":53,"column":30}},"13":{"start":{"line":55,"column":2},"end":{"line":55,"column":15}},"14":{"start":{"line":58,"column":0},"end":{"line":58,"column":77}}},"fnMap":{"0":{"name":"firstName","decl":{"start":{"line":7,"column":9},"end":{"line":7,"column":18}},"loc":{"start":{"line":7,"column":29},"end":{"line":12,"column":1}},"line":7},"1":{"name":"verifyStockAvailability","decl":{"start":{"line":22,"column":9},"end":{"line":22,"column":32}},"loc":{"start":{"line":22,"column":51},"end":{"line":34,"column":1}},"line":22},"2":{"name":"calculateTotalPrice","decl":{"start":{"line":50,"column":9},"end":{"line":50,"column":28}},"loc":{"start":{"line":50,"column":39},"end":{"line":56,"column":1}},"line":50}},"branchMap":{"0":{"loc":{"start":{"line":10,"column":2},"end":{"line":11,"column":44}},"type":"if","locations":[{"start":{"line":10,"column":2},"end":{"line":11,"column":44}},{"start":{"line":11,"column":7},"end":{"line":11,"column":44}}],"line":10},"1":{"loc":{"start":{"line":32,"column":2},"end":{"line":33,"column":19}},"type":"if","locations":[{"start":{"line":32,"column":2},"end":{"line":33,"column":19}},{"start":{"line":33,"column":7},"end":{"line":33,"column":19}}],"line":32}},"s":{"0":4,"1":4,"2":1,"3":3,"4":0,"5":0,"6":0,"7":0,"8":0,"9":0,"10":0,"11":0,"12":0,"13":0,"14":1},"f":{"0":4,"1":0,"2":0},"b":{"0":[1,3],"1":[0,0]},"_coverageSchema":"1a1c01bbd47fc00a2c39e90264f33305004495a9","hash":"16bd2f9f084cb7b7f767e4c3b6c4409710d3b78d"}
}
