{"/home/girlana/Documentos/ICOMP/Web_Academy/TESTES/myapp_test-main/src/utils/validations.js": {"path":"/home/girlana/Documentos/ICOMP/Web_Academy/TESTES/myapp_test-main/src/utils/validations.js","statementMap":{"0":{"start":{"line":9,"column":2},"end":{"line":9,"column":29}},"1":{"start":{"line":11,"column":21},"end":{"line":11,"column":42}},"2":{"start":{"line":13,"column":2},"end":{"line":14,"column":44}},"3":{"start":{"line":13,"column":25},"end":{"line":13,"column":41}},"4":{"start":{"line":14,"column":7},"end":{"line":14,"column":44}},"5":{"start":{"line":27,"column":16},"end":{"line":33,"column":3}},"6":{"start":{"line":35,"column":25},"end":{"line":35,"column":43}},"7":{"start":{"line":36,"column":2},"end":{"line":36,"column":31}},"8":{"start":{"line":55,"column":14},"end":{"line":55,"column":15}},"9":{"start":{"line":56,"column":2},"end":{"line":58,"column":3}},"10":{"start":{"line":56,"column":15},"end":{"line":56,"column":16}},"11":{"start":{"line":57,"column":4},"end":{"line":57,"column":54}},"12":{"start":{"line":59,"column":2},"end":{"line":59,"column":15}},"13":{"start":{"line":62,"column":0},"end":{"line":62,"column":77}}},"fnMap":{"0":{"name":"firstName","decl":{"start":{"line":7,"column":9},"end":{"line":7,"column":18}},"loc":{"start":{"line":7,"column":29},"end":{"line":15,"column":1}},"line":7},"1":{"name":"verifyStockAvailability","decl":{"start":{"line":26,"column":9},"end":{"line":26,"column":32}},"loc":{"start":{"line":26,"column":51},"end":{"line":37,"column":1}},"line":26},"2":{"name":"calculateTotalPrice","decl":{"start":{"line":54,"column":9},"end":{"line":54,"column":28}},"loc":{"start":{"line":54,"column":39},"end":{"line":60,"column":1}},"line":54}},"branchMap":{"0":{"loc":{"start":{"line":13,"column":2},"end":{"line":14,"column":44}},"type":"if","locations":[{"start":{"line":13,"column":2},"end":{"line":14,"column":44}},{"start":{"line":14,"column":7},"end":{"line":14,"column":44}}],"line":13}},"s":{"0":4,"1":4,"2":4,"3":1,"4":3,"5":8,"6":8,"7":8,"8":7,"9":7,"10":7,"11":16,"12":7,"13":3},"f":{"0":4,"1":8,"2":7},"b":{"0":[1,3]},"_coverageSchema":"1a1c01bbd47fc00a2c39e90264f33305004495a9","hash":"746f4b4dfef221ed18c27a6bdd4faade71373f71"}
}
